2017-06-08 17:29:00.262  INFO 12316 --- [main] c.c.c.ConfigServicePropertySourceLocator : Fetching config from server at: http://poc-4.novalocal:8888
2017-06-08 17:29:01.167  INFO 12316 --- [main] c.c.c.ConfigServicePropertySourceLocator : Located environment: name=docker-service, profiles=[online], label=master, version=null, state=null
2017-06-08 17:29:01.168  INFO 12316 --- [main] b.c.PropertySourceBootstrapConfiguration : Located property source: CompositePropertySource [name='configService', propertySources=[]]
2017-06-08 17:29:01.266  INFO 12316 --- [main] demo.Application                         : The following profiles are active: online
2017-06-08 17:29:01.290  INFO 12316 --- [main] ationConfigEmbeddedWebApplicationContext : Refreshing org.springframework.boot.context.embedded.AnnotationConfigEmbeddedWebApplicationContext@6eeade6c: startup date [Thu Jun 08 17:29:01 CST 2017]; parent: org.springframework.context.annotation.AnnotationConfigApplicationContext@b3ca52e
2017-06-08 17:29:02.808  INFO 12316 --- [main] o.s.cloud.context.scope.GenericScope     : BeanFactory id=9b6d7677-e953-33a3-a3d1-df72a985d9aa
2017-06-08 17:29:02.833  INFO 12316 --- [main] f.a.AutowiredAnnotationBeanPostProcessor : JSR-330 'javax.inject.Inject' annotation found and supported for autowiring
2017-06-08 17:29:03.170  INFO 12316 --- [main] trationDelegate$BeanPostProcessorChecker : Bean 'org.springframework.cloud.netflix.metrics.MetricsInterceptorConfiguration$MetricsRestTemplateConfiguration' of type [org.springframework.cloud.netflix.metrics.MetricsInterceptorConfiguration$MetricsRestTemplateConfiguration$$EnhancerBySpringCGLIB$$6494f0b7] is not eligible for getting processed by all BeanPostProcessors (for example: not eligible for auto-proxying)
2017-06-08 17:29:03.184  INFO 12316 --- [main] trationDelegate$BeanPostProcessorChecker : Bean 'org.springframework.cloud.autoconfigure.ConfigurationPropertiesRebinderAutoConfiguration' of type [org.springframework.cloud.autoconfigure.ConfigurationPropertiesRebinderAutoConfiguration$$EnhancerBySpringCGLIB$$4e824d73] is not eligible for getting processed by all BeanPostProcessors (for example: not eligible for auto-proxying)
2017-06-08 17:29:03.751  INFO 12316 --- [main] s.b.c.e.t.TomcatEmbeddedServletContainer : Tomcat initialized with port(s): 9102 (http)
2017-06-08 17:29:03.767  INFO 12316 --- [main] o.apache.catalina.core.StandardService   : Starting service Tomcat
2017-06-08 17:29:03.769  INFO 12316 --- [main] org.apache.catalina.core.StandardEngine  : Starting Servlet Engine: Apache Tomcat/8.5.11
2017-06-08 17:29:03.951  INFO 12316 --- [localhost-startStop-1] o.a.c.c.C.[Tomcat].[localhost].[/]       : Initializing Spring embedded WebApplicationContext
2017-06-08 17:29:03.951  INFO 12316 --- [localhost-startStop-1] o.s.web.context.ContextLoader            : Root WebApplicationContext: initialization completed in 2661 ms
2017-06-08 17:29:04.320  INFO 12316 --- [localhost-startStop-1] o.s.b.w.servlet.ServletRegistrationBean  : Mapping servlet: 'dispatcherServlet' to [/]
2017-06-08 17:29:04.326  INFO 12316 --- [localhost-startStop-1] o.s.b.w.servlet.FilterRegistrationBean   : Mapping filter: 'metricsFilter' to: [/*]
2017-06-08 17:29:04.327  INFO 12316 --- [localhost-startStop-1] o.s.b.w.servlet.FilterRegistrationBean   : Mapping filter: 'characterEncodingFilter' to: [/*]
2017-06-08 17:29:04.327  INFO 12316 --- [localhost-startStop-1] o.s.b.w.servlet.FilterRegistrationBean   : Mapping filter: 'hiddenHttpMethodFilter' to: [/*]
2017-06-08 17:29:04.327  INFO 12316 --- [localhost-startStop-1] o.s.b.w.servlet.FilterRegistrationBean   : Mapping filter: 'httpPutFormContentFilter' to: [/*]
2017-06-08 17:29:04.328  INFO 12316 --- [localhost-startStop-1] o.s.b.w.servlet.FilterRegistrationBean   : Mapping filter: 'requestContextFilter' to: [/*]
2017-06-08 17:29:04.328  INFO 12316 --- [localhost-startStop-1] o.s.b.w.servlet.FilterRegistrationBean   : Mapping filter: 'webRequestLoggingFilter' to: [/*]
2017-06-08 17:29:04.328  INFO 12316 --- [localhost-startStop-1] o.s.b.w.servlet.FilterRegistrationBean   : Mapping filter: 'applicationContextIdFilter' to: [/*]
2017-06-08 17:29:05.878  INFO 12316 --- [main] s.w.s.m.m.a.RequestMappingHandlerAdapter : Looking for @ControllerAdvice: org.springframework.boot.context.embedded.AnnotationConfigEmbeddedWebApplicationContext@6eeade6c: startup date [Thu Jun 08 17:29:01 CST 2017]; parent: org.springframework.context.annotation.AnnotationConfigApplicationContext@b3ca52e
2017-06-08 17:29:06.070  INFO 12316 --- [main] s.w.s.m.m.a.RequestMappingHandlerMapping : Mapped "{[/]}" onto public java.lang.String demo.Application.home()
2017-06-08 17:29:06.075  INFO 12316 --- [main] s.w.s.m.m.a.RequestMappingHandlerMapping : Mapped "{[/error]}" onto public org.springframework.http.ResponseEntity<java.util.Map<java.lang.String, java.lang.Object>> org.springframework.boot.autoconfigure.web.BasicErrorController.error(javax.servlet.http.HttpServletRequest)
2017-06-08 17:29:06.076  INFO 12316 --- [main] s.w.s.m.m.a.RequestMappingHandlerMapping : Mapped "{[/error],produces=[text/html]}" onto public org.springframework.web.servlet.ModelAndView org.springframework.boot.autoconfigure.web.BasicErrorController.errorHtml(javax.servlet.http.HttpServletRequest,javax.servlet.http.HttpServletResponse)
2017-06-08 17:29:06.125  INFO 12316 --- [main] o.s.w.s.handler.SimpleUrlHandlerMapping  : Mapped URL path [/webjars/**] onto handler of type [class org.springframework.web.servlet.resource.ResourceHttpRequestHandler]
2017-06-08 17:29:06.125  INFO 12316 --- [main] o.s.w.s.handler.SimpleUrlHandlerMapping  : Mapped URL path [/**] onto handler of type [class org.springframework.web.servlet.resource.ResourceHttpRequestHandler]
2017-06-08 17:29:06.180  INFO 12316 --- [main] o.s.w.s.handler.SimpleUrlHandlerMapping  : Mapped URL path [/**/favicon.ico] onto handler of type [class org.springframework.web.servlet.resource.ResourceHttpRequestHandler]
2017-06-08 17:29:06.882  INFO 12316 --- [main] o.s.b.a.e.mvc.EndpointHandlerMapping     : Mapped "{[/env/{name:.*}],methods=[GET],produces=[application/vnd.spring-boot.actuator.v1+json || application/json]}" onto public java.lang.Object org.springframework.boot.actuate.endpoint.mvc.EnvironmentMvcEndpoint.value(java.lang.String)
2017-06-08 17:29:06.882  INFO 12316 --- [main] o.s.b.a.e.mvc.EndpointHandlerMapping     : Mapped "{[/env || /env.json],methods=[GET],produces=[application/vnd.spring-boot.actuator.v1+json || application/json]}" onto public java.lang.Object org.springframework.boot.actuate.endpoint.mvc.EndpointMvcAdapter.invoke()
2017-06-08 17:29:06.884  INFO 12316 --- [main] o.s.b.a.e.mvc.EndpointHandlerMapping     : Mapped "{[/health || /health.json],methods=[GET],produces=[application/vnd.spring-boot.actuator.v1+json || application/json]}" onto public java.lang.Object org.springframework.boot.actuate.endpoint.mvc.HealthMvcEndpoint.invoke(javax.servlet.http.HttpServletRequest,java.security.Principal)
2017-06-08 17:29:06.887  INFO 12316 --- [main] o.s.b.a.e.mvc.EndpointHandlerMapping     : Mapped "{[/metrics/{name:.*}],methods=[GET],produces=[application/vnd.spring-boot.actuator.v1+json || application/json]}" onto public java.lang.Object org.springframework.boot.actuate.endpoint.mvc.MetricsMvcEndpoint.value(java.lang.String)
2017-06-08 17:29:06.887  INFO 12316 --- [main] o.s.b.a.e.mvc.EndpointHandlerMapping     : Mapped "{[/metrics || /metrics.json],methods=[GET],produces=[application/vnd.spring-boot.actuator.v1+json || application/json]}" onto public java.lang.Object org.springframework.boot.actuate.endpoint.mvc.EndpointMvcAdapter.invoke()
2017-06-08 17:29:06.888  INFO 12316 --- [main] o.s.b.a.e.mvc.EndpointHandlerMapping     : Mapped "{[/info || /info.json],methods=[GET],produces=[application/vnd.spring-boot.actuator.v1+json || application/json]}" onto public java.lang.Object org.springframework.boot.actuate.endpoint.mvc.EndpointMvcAdapter.invoke()
2017-06-08 17:29:06.890  INFO 12316 --- [main] o.s.b.a.e.mvc.EndpointHandlerMapping     : Mapped "{[/refresh || /refresh.json],methods=[POST]}" onto public java.lang.Object org.springframework.cloud.endpoint.GenericPostableMvcEndpoint.invoke()
2017-06-08 17:29:06.891  INFO 12316 --- [main] o.s.b.a.e.mvc.EndpointHandlerMapping     : Mapped "{[/autoconfig || /autoconfig.json],methods=[GET],produces=[application/vnd.spring-boot.actuator.v1+json || application/json]}" onto public java.lang.Object org.springframework.boot.actuate.endpoint.mvc.EndpointMvcAdapter.invoke()
2017-06-08 17:29:06.892  INFO 12316 --- [main] o.s.b.a.e.mvc.EndpointHandlerMapping     : Mapped "{[/env],methods=[POST]}" onto public java.lang.Object org.springframework.cloud.context.environment.EnvironmentManagerMvcEndpoint.value(java.util.Map<java.lang.String, java.lang.String>)
2017-06-08 17:29:06.893  INFO 12316 --- [main] o.s.b.a.e.mvc.EndpointHandlerMapping     : Mapped "{[/env/reset],methods=[POST]}" onto public java.util.Map<java.lang.String, java.lang.Object> org.springframework.cloud.context.environment.EnvironmentManagerMvcEndpoint.reset()
2017-06-08 17:29:06.894  INFO 12316 --- [main] o.s.b.a.e.mvc.EndpointHandlerMapping     : Mapped "{[/restart || /restart.json],methods=[POST]}" onto public java.lang.Object org.springframework.cloud.context.restart.RestartMvcEndpoint.invoke()
2017-06-08 17:29:06.896  INFO 12316 --- [main] o.s.b.a.e.mvc.EndpointHandlerMapping     : Mapped "{[/logfile || /logfile.json],methods=[GET || HEAD]}" onto public void org.springframework.boot.actuate.endpoint.mvc.LogFileMvcEndpoint.invoke(javax.servlet.http.HttpServletRequest,javax.servlet.http.HttpServletResponse) throws javax.servlet.ServletException,java.io.IOException
2017-06-08 17:29:06.897  INFO 12316 --- [main] o.s.b.a.e.mvc.EndpointHandlerMapping     : Mapped "{[/dump || /dump.json],methods=[GET],produces=[application/vnd.spring-boot.actuator.v1+json || application/json]}" onto public java.lang.Object org.springframework.boot.actuate.endpoint.mvc.EndpointMvcAdapter.invoke()
2017-06-08 17:29:06.900  INFO 12316 --- [main] o.s.b.a.e.mvc.EndpointHandlerMapping     : Mapped "{[/configprops || /configprops.json],methods=[GET],produces=[application/vnd.spring-boot.actuator.v1+json || application/json]}" onto public java.lang.Object org.springframework.boot.actuate.endpoint.mvc.EndpointMvcAdapter.invoke()
2017-06-08 17:29:06.901  INFO 12316 --- [main] o.s.b.a.e.mvc.EndpointHandlerMapping     : Mapped "{[/features || /features.json],methods=[GET],produces=[application/vnd.spring-boot.actuator.v1+json || application/json]}" onto public java.lang.Object org.springframework.boot.actuate.endpoint.mvc.EndpointMvcAdapter.invoke()
2017-06-08 17:29:06.902  INFO 12316 --- [main] o.s.b.a.e.mvc.EndpointHandlerMapping     : Mapped "{[/trace || /trace.json],methods=[GET],produces=[application/vnd.spring-boot.actuator.v1+json || application/json]}" onto public java.lang.Object org.springframework.boot.actuate.endpoint.mvc.EndpointMvcAdapter.invoke()
2017-06-08 17:29:06.903  INFO 12316 --- [main] o.s.b.a.e.mvc.EndpointHandlerMapping     : Mapped "{[/archaius || /archaius.json],methods=[GET],produces=[application/vnd.spring-boot.actuator.v1+json || application/json]}" onto public java.lang.Object org.springframework.boot.actuate.endpoint.mvc.EndpointMvcAdapter.invoke()
2017-06-08 17:29:06.906  INFO 12316 --- [main] o.s.b.a.e.mvc.EndpointHandlerMapping     : Mapped "{[/pause || /pause.json],methods=[POST]}" onto public java.lang.Object org.springframework.cloud.endpoint.GenericPostableMvcEndpoint.invoke()
2017-06-08 17:29:06.907  INFO 12316 --- [main] o.s.b.a.e.mvc.EndpointHandlerMapping     : Mapped "{[/mappings || /mappings.json],methods=[GET],produces=[application/vnd.spring-boot.actuator.v1+json || application/json]}" onto public java.lang.Object org.springframework.boot.actuate.endpoint.mvc.EndpointMvcAdapter.invoke()
2017-06-08 17:29:06.910  INFO 12316 --- [main] o.s.b.a.e.mvc.EndpointHandlerMapping     : Mapped "{[/loggers/{name:.*}],methods=[GET],produces=[application/vnd.spring-boot.actuator.v1+json || application/json]}" onto public java.lang.Object org.springframework.boot.actuate.endpoint.mvc.LoggersMvcEndpoint.get(java.lang.String)
2017-06-08 17:29:06.910  INFO 12316 --- [main] o.s.b.a.e.mvc.EndpointHandlerMapping     : Mapped "{[/loggers/{name:.*}],methods=[POST],consumes=[application/vnd.spring-boot.actuator.v1+json || application/json],produces=[application/vnd.spring-boot.actuator.v1+json || application/json]}" onto public java.lang.Object org.springframework.boot.actuate.endpoint.mvc.LoggersMvcEndpoint.set(java.lang.String,java.util.Map<java.lang.String, java.lang.String>)
2017-06-08 17:29:06.910  INFO 12316 --- [main] o.s.b.a.e.mvc.EndpointHandlerMapping     : Mapped "{[/loggers || /loggers.json],methods=[GET],produces=[application/vnd.spring-boot.actuator.v1+json || application/json]}" onto public java.lang.Object org.springframework.boot.actuate.endpoint.mvc.EndpointMvcAdapter.invoke()
2017-06-08 17:29:06.914  INFO 12316 --- [main] o.s.b.a.e.mvc.EndpointHandlerMapping     : Mapped "{[/heapdump || /heapdump.json],methods=[GET],produces=[application/octet-stream]}" onto public void org.springframework.boot.actuate.endpoint.mvc.HeapdumpMvcEndpoint.invoke(boolean,javax.servlet.http.HttpServletRequest,javax.servlet.http.HttpServletResponse) throws java.io.IOException,javax.servlet.ServletException
2017-06-08 17:29:06.915  INFO 12316 --- [main] o.s.b.a.e.mvc.EndpointHandlerMapping     : Mapped "{[/auditevents || /auditevents.json],methods=[GET],produces=[application/vnd.spring-boot.actuator.v1+json || application/json]}" onto public org.springframework.http.ResponseEntity<?> org.springframework.boot.actuate.endpoint.mvc.AuditEventsMvcEndpoint.findByPrincipalAndAfterAndType(java.lang.String,java.util.Date,java.lang.String)
2017-06-08 17:29:06.916  INFO 12316 --- [main] o.s.b.a.e.mvc.EndpointHandlerMapping     : Mapped "{[/resume || /resume.json],methods=[POST]}" onto public java.lang.Object org.springframework.cloud.endpoint.GenericPostableMvcEndpoint.invoke()
2017-06-08 17:29:06.917  INFO 12316 --- [main] o.s.b.a.e.mvc.EndpointHandlerMapping     : Mapped "{[/service-registry/instance-status],methods=[GET]}" onto public org.springframework.http.ResponseEntity org.springframework.cloud.client.serviceregistry.endpoint.ServiceRegistryEndpoint.getStatus()
2017-06-08 17:29:06.917  INFO 12316 --- [main] o.s.b.a.e.mvc.EndpointHandlerMapping     : Mapped "{[/service-registry/instance-status],methods=[POST]}" onto public org.springframework.http.ResponseEntity<?> org.springframework.cloud.client.serviceregistry.endpoint.ServiceRegistryEndpoint.setStatus(java.lang.String)
2017-06-08 17:29:06.918  INFO 12316 --- [main] o.s.b.a.e.mvc.EndpointHandlerMapping     : Mapped "{[/beans || /beans.json],methods=[GET],produces=[application/vnd.spring-boot.actuator.v1+json || application/json]}" onto public java.lang.Object org.springframework.boot.actuate.endpoint.mvc.EndpointMvcAdapter.invoke()
2017-06-08 17:29:07.149  WARN 12316 --- [main] c.n.c.sources.URLConfigurationSource     : No URLs will be polled as dynamic configuration sources.
2017-06-08 17:29:07.150  INFO 12316 --- [main] c.n.c.sources.URLConfigurationSource     : To enable URLs as dynamic configuration sources, define System property archaius.configurationSource.additionalUrls or make config.properties available on classpath.
2017-06-08 17:29:07.158  WARN 12316 --- [main] c.n.c.sources.URLConfigurationSource     : No URLs will be polled as dynamic configuration sources.
2017-06-08 17:29:07.158  INFO 12316 --- [main] c.n.c.sources.URLConfigurationSource     : To enable URLs as dynamic configuration sources, define System property archaius.configurationSource.additionalUrls or make config.properties available on classpath.
2017-06-08 17:29:07.265  INFO 12316 --- [main] o.s.j.e.a.AnnotationMBeanExporter        : Registering beans for JMX exposure on startup
2017-06-08 17:29:07.279  INFO 12316 --- [main] o.s.j.e.a.AnnotationMBeanExporter        : Bean with name 'environmentManager' has been autodetected for JMX exposure
2017-06-08 17:29:07.282  INFO 12316 --- [main] o.s.j.e.a.AnnotationMBeanExporter        : Bean with name 'configurationPropertiesRebinder' has been autodetected for JMX exposure
2017-06-08 17:29:07.283  INFO 12316 --- [main] o.s.j.e.a.AnnotationMBeanExporter        : Bean with name 'refreshEndpoint' has been autodetected for JMX exposure
2017-06-08 17:29:07.284  INFO 12316 --- [main] o.s.j.e.a.AnnotationMBeanExporter        : Bean with name 'restartEndpoint' has been autodetected for JMX exposure
2017-06-08 17:29:07.286  INFO 12316 --- [main] o.s.j.e.a.AnnotationMBeanExporter        : Bean with name 'serviceRegistryEndpoint' has been autodetected for JMX exposure
2017-06-08 17:29:07.287  INFO 12316 --- [main] o.s.j.e.a.AnnotationMBeanExporter        : Bean with name 'refreshScope' has been autodetected for JMX exposure
2017-06-08 17:29:07.290  INFO 12316 --- [main] o.s.j.e.a.AnnotationMBeanExporter        : Located managed bean 'environmentManager': registering with JMX server as MBean [org.springframework.cloud.context.environment:name=environmentManager,type=EnvironmentManager]
2017-06-08 17:29:07.307  INFO 12316 --- [main] o.s.j.e.a.AnnotationMBeanExporter        : Located managed bean 'restartEndpoint': registering with JMX server as MBean [org.springframework.cloud.context.restart:name=restartEndpoint,type=RestartEndpoint]
2017-06-08 17:29:07.319  INFO 12316 --- [main] o.s.j.e.a.AnnotationMBeanExporter        : Located managed bean 'serviceRegistryEndpoint': registering with JMX server as MBean [org.springframework.cloud.client.serviceregistry.endpoint:name=serviceRegistryEndpoint,type=ServiceRegistryEndpoint]
2017-06-08 17:29:07.332  INFO 12316 --- [main] o.s.j.e.a.AnnotationMBeanExporter        : Located managed bean 'refreshScope': registering with JMX server as MBean [org.springframework.cloud.context.scope.refresh:name=refreshScope,type=RefreshScope]
2017-06-08 17:29:07.345  INFO 12316 --- [main] o.s.j.e.a.AnnotationMBeanExporter        : Located managed bean 'configurationPropertiesRebinder': registering with JMX server as MBean [org.springframework.cloud.context.properties:name=configurationPropertiesRebinder,context=6eeade6c,type=ConfigurationPropertiesRebinder]
2017-06-08 17:29:07.350  INFO 12316 --- [main] o.s.j.e.a.AnnotationMBeanExporter        : Located managed bean 'refreshEndpoint': registering with JMX server as MBean [org.springframework.cloud.endpoint:name=refreshEndpoint,type=RefreshEndpoint]
2017-06-08 17:29:07.594  INFO 12316 --- [main] o.s.c.support.DefaultLifecycleProcessor  : Starting beans in phase 0
2017-06-08 17:29:07.605  INFO 12316 --- [main] o.s.c.n.eureka.InstanceInfoFactory       : Setting initial instance status as: STARTING
2017-06-08 17:29:07.669  INFO 12316 --- [main] com.netflix.discovery.DiscoveryClient    : Initializing Eureka in region us-east-1
2017-06-08 17:29:07.928  INFO 12316 --- [main] c.n.d.provider.DiscoveryJerseyProvider   : Using JSON encoding codec LegacyJacksonJson
2017-06-08 17:29:07.928  INFO 12316 --- [main] c.n.d.provider.DiscoveryJerseyProvider   : Using JSON decoding codec LegacyJacksonJson
2017-06-08 17:29:08.106  INFO 12316 --- [main] c.n.d.provider.DiscoveryJerseyProvider   : Using XML encoding codec XStreamXml
2017-06-08 17:29:08.106  INFO 12316 --- [main] c.n.d.provider.DiscoveryJerseyProvider   : Using XML decoding codec XStreamXml
2017-06-08 17:29:08.380  INFO 12316 --- [main] c.n.d.s.r.aws.ConfigClusterResolver      : Resolving eureka endpoints via configuration
2017-06-08 17:29:08.723  INFO 12316 --- [main] com.netflix.discovery.DiscoveryClient    : Disable delta property : false
2017-06-08 17:29:08.723  INFO 12316 --- [main] com.netflix.discovery.DiscoveryClient    : Single vip registry refresh property : null
2017-06-08 17:29:08.723  INFO 12316 --- [main] com.netflix.discovery.DiscoveryClient    : Force full registry fetch : false
2017-06-08 17:29:08.724  INFO 12316 --- [main] com.netflix.discovery.DiscoveryClient    : Application is null : false
2017-06-08 17:29:08.724  INFO 12316 --- [main] com.netflix.discovery.DiscoveryClient    : Registered Applications size is zero : true
2017-06-08 17:29:08.724  INFO 12316 --- [main] com.netflix.discovery.DiscoveryClient    : Application version is -1: true
2017-06-08 17:29:08.724  INFO 12316 --- [main] com.netflix.discovery.DiscoveryClient    : Getting all instance registry info from the eureka server
2017-06-08 17:29:08.973  INFO 12316 --- [main] com.netflix.discovery.DiscoveryClient    : The response status is 200
2017-06-08 17:29:08.975  INFO 12316 --- [main] com.netflix.discovery.DiscoveryClient    : Starting heartbeat executor: renew interval is: 30
2017-06-08 17:29:08.979  INFO 12316 --- [main] c.n.discovery.InstanceInfoReplicator     : InstanceInfoReplicator onDemand update allowed rate per min is 4
2017-06-08 17:29:08.985  INFO 12316 --- [main] com.netflix.discovery.DiscoveryClient    : Discovery Client initialized at timestamp 1496914148984 with initial instances count: 5
2017-06-08 17:29:09.032  INFO 12316 --- [main] o.s.c.n.e.s.EurekaServiceRegistry        : Registering application docker-service with eureka with status UP
2017-06-08 17:29:09.034  INFO 12316 --- [main] com.netflix.discovery.DiscoveryClient    : Saw local status change event StatusChangeEvent [timestamp=1496914149034, current=UP, previous=STARTING]
2017-06-08 17:29:09.049  INFO 12316 --- [DiscoveryClient-InstanceInfoReplicator-0] c.c.c.ConfigServicePropertySourceLocator : Fetching config from server at: http://poc-4.novalocal:8888
2017-06-08 17:29:09.213  INFO 12316 --- [main] s.b.c.e.t.TomcatEmbeddedServletContainer : Tomcat started on port(s): 9102 (http)
2017-06-08 17:29:09.215  INFO 12316 --- [main] .s.c.n.e.s.EurekaAutoServiceRegistration : Updating port to 9102
2017-06-08 17:29:09.220  INFO 12316 --- [main] demo.Application                         : Started Application in 11.545 seconds (JVM running for 12.123)
2017-06-08 17:29:09.774  INFO 12316 --- [DiscoveryClient-InstanceInfoReplicator-0] c.c.c.ConfigServicePropertySourceLocator : Located environment: name=docker-service, profiles=[online], label=master, version=null, state=null
2017-06-08 17:29:09.778  INFO 12316 --- [DiscoveryClient-InstanceInfoReplicator-0] com.netflix.discovery.DiscoveryClient    : DiscoveryClient_DOCKER-SERVICE/QH-20170321YPWM:docker-service:9102: registering service...
2017-06-08 17:29:09.845  INFO 12316 --- [DiscoveryClient-InstanceInfoReplicator-0] com.netflix.discovery.DiscoveryClient    : DiscoveryClient_DOCKER-SERVICE/QH-20170321YPWM:docker-service:9102 - registration status: 204
2017-06-08 17:29:20.566  INFO 12316 --- [http-nio-9102-exec-1] o.a.c.c.C.[Tomcat].[localhost].[/]       : Initializing Spring FrameworkServlet 'dispatcherServlet'
2017-06-08 17:29:20.566  INFO 12316 --- [http-nio-9102-exec-1] o.s.web.servlet.DispatcherServlet        : FrameworkServlet 'dispatcherServlet': initialization started
2017-06-08 17:29:20.596  INFO 12316 --- [http-nio-9102-exec-1] o.s.web.servlet.DispatcherServlet        : FrameworkServlet 'dispatcherServlet': initialization completed in 30 ms
2017-06-08 17:29:20.635  INFO 12316 --- [http-nio-9102-exec-1] demo.Application                         : --------------Hello Docker World-------------
2017-06-08 17:29:21.974  INFO 12316 --- [http-nio-9102-exec-2] demo.Application                         : --------------Hello Docker World-------------
2017-06-08 17:29:22.133  INFO 12316 --- [http-nio-9102-exec-4] demo.Application                         : --------------Hello Docker World-------------
2017-06-08 17:29:22.302  INFO 12316 --- [http-nio-9102-exec-6] demo.Application                         : --------------Hello Docker World-------------
2017-06-08 17:29:22.426  INFO 12316 --- [http-nio-9102-exec-7] demo.Application                         : --------------Hello Docker World-------------
2017-06-08 17:29:22.570  INFO 12316 --- [http-nio-9102-exec-9] demo.Application                         : --------------Hello Docker World-------------
2017-06-08 17:29:45.303  INFO 19264 --- [main] c.c.c.ConfigServicePropertySourceLocator : Fetching config from server at: http://poc-4.novalocal:8888
2017-06-08 17:29:46.467  INFO 19264 --- [main] c.c.c.ConfigServicePropertySourceLocator : Located environment: name=docker-service, profiles=[online], label=master, version=null, state=null
2017-06-08 17:29:46.467  INFO 19264 --- [main] b.c.PropertySourceBootstrapConfiguration : Located property source: CompositePropertySource [name='configService', propertySources=[]]
2017-06-08 17:29:46.546  INFO 19264 --- [main] demo.Application                         : The following profiles are active: online
2017-06-08 17:29:46.573  INFO 19264 --- [main] ationConfigEmbeddedWebApplicationContext : Refreshing org.springframework.boot.context.embedded.AnnotationConfigEmbeddedWebApplicationContext@6eeade6c: startup date [Thu Jun 08 17:29:46 CST 2017]; parent: org.springframework.context.annotation.AnnotationConfigApplicationContext@b3ca52e
2017-06-08 17:29:48.000  INFO 19264 --- [main] o.s.cloud.context.scope.GenericScope     : BeanFactory id=9b6d7677-e953-33a3-a3d1-df72a985d9aa
2017-06-08 17:29:48.022  INFO 19264 --- [main] f.a.AutowiredAnnotationBeanPostProcessor : JSR-330 'javax.inject.Inject' annotation found and supported for autowiring
2017-06-08 17:29:48.542  INFO 19264 --- [main] trationDelegate$BeanPostProcessorChecker : Bean 'org.springframework.cloud.netflix.metrics.MetricsInterceptorConfiguration$MetricsRestTemplateConfiguration' of type [org.springframework.cloud.netflix.metrics.MetricsInterceptorConfiguration$MetricsRestTemplateConfiguration$$EnhancerBySpringCGLIB$$6494f0b7] is not eligible for getting processed by all BeanPostProcessors (for example: not eligible for auto-proxying)
2017-06-08 17:29:48.555  INFO 19264 --- [main] trationDelegate$BeanPostProcessorChecker : Bean 'org.springframework.cloud.autoconfigure.ConfigurationPropertiesRebinderAutoConfiguration' of type [org.springframework.cloud.autoconfigure.ConfigurationPropertiesRebinderAutoConfiguration$$EnhancerBySpringCGLIB$$4e824d73] is not eligible for getting processed by all BeanPostProcessors (for example: not eligible for auto-proxying)
2017-06-08 17:29:49.167  INFO 19264 --- [main] s.b.c.e.t.TomcatEmbeddedServletContainer : Tomcat initialized with port(s): 9102 (http)
2017-06-08 17:29:49.183  INFO 19264 --- [main] o.apache.catalina.core.StandardService   : Starting service Tomcat
2017-06-08 17:29:49.185  INFO 19264 --- [main] org.apache.catalina.core.StandardEngine  : Starting Servlet Engine: Apache Tomcat/8.5.11
2017-06-08 17:29:49.396  INFO 19264 --- [localhost-startStop-1] o.a.c.c.C.[Tomcat].[localhost].[/]       : Initializing Spring embedded WebApplicationContext
2017-06-08 17:29:49.397  INFO 19264 --- [localhost-startStop-1] o.s.web.context.ContextLoader            : Root WebApplicationContext: initialization completed in 2824 ms
2017-06-08 17:29:49.747  INFO 19264 --- [localhost-startStop-1] o.s.b.w.servlet.ServletRegistrationBean  : Mapping servlet: 'dispatcherServlet' to [/]
2017-06-08 17:29:49.756  INFO 19264 --- [localhost-startStop-1] o.s.b.w.servlet.FilterRegistrationBean   : Mapping filter: 'metricsFilter' to: [/*]
2017-06-08 17:29:49.757  INFO 19264 --- [localhost-startStop-1] o.s.b.w.servlet.FilterRegistrationBean   : Mapping filter: 'characterEncodingFilter' to: [/*]
2017-06-08 17:29:49.757  INFO 19264 --- [localhost-startStop-1] o.s.b.w.servlet.FilterRegistrationBean   : Mapping filter: 'hiddenHttpMethodFilter' to: [/*]
2017-06-08 17:29:49.757  INFO 19264 --- [localhost-startStop-1] o.s.b.w.servlet.FilterRegistrationBean   : Mapping filter: 'httpPutFormContentFilter' to: [/*]
2017-06-08 17:29:49.758  INFO 19264 --- [localhost-startStop-1] o.s.b.w.servlet.FilterRegistrationBean   : Mapping filter: 'requestContextFilter' to: [/*]
2017-06-08 17:29:49.758  INFO 19264 --- [localhost-startStop-1] o.s.b.w.servlet.FilterRegistrationBean   : Mapping filter: 'webRequestLoggingFilter' to: [/*]
2017-06-08 17:29:49.758  INFO 19264 --- [localhost-startStop-1] o.s.b.w.servlet.FilterRegistrationBean   : Mapping filter: 'applicationContextIdFilter' to: [/*]
2017-06-08 17:29:51.235  INFO 19264 --- [main] s.w.s.m.m.a.RequestMappingHandlerAdapter : Looking for @ControllerAdvice: org.springframework.boot.context.embedded.AnnotationConfigEmbeddedWebApplicationContext@6eeade6c: startup date [Thu Jun 08 17:29:46 CST 2017]; parent: org.springframework.context.annotation.AnnotationConfigApplicationContext@b3ca52e
2017-06-08 17:29:51.406  INFO 19264 --- [main] s.w.s.m.m.a.RequestMappingHandlerMapping : Mapped "{[/]}" onto public java.lang.String demo.Application.home()
2017-06-08 17:29:51.413  INFO 19264 --- [main] s.w.s.m.m.a.RequestMappingHandlerMapping : Mapped "{[/error]}" onto public org.springframework.http.ResponseEntity<java.util.Map<java.lang.String, java.lang.Object>> org.springframework.boot.autoconfigure.web.BasicErrorController.error(javax.servlet.http.HttpServletRequest)
2017-06-08 17:29:51.414  INFO 19264 --- [main] s.w.s.m.m.a.RequestMappingHandlerMapping : Mapped "{[/error],produces=[text/html]}" onto public org.springframework.web.servlet.ModelAndView org.springframework.boot.autoconfigure.web.BasicErrorController.errorHtml(javax.servlet.http.HttpServletRequest,javax.servlet.http.HttpServletResponse)
2017-06-08 17:29:51.463  INFO 19264 --- [main] o.s.w.s.handler.SimpleUrlHandlerMapping  : Mapped URL path [/webjars/**] onto handler of type [class org.springframework.web.servlet.resource.ResourceHttpRequestHandler]
2017-06-08 17:29:51.464  INFO 19264 --- [main] o.s.w.s.handler.SimpleUrlHandlerMapping  : Mapped URL path [/**] onto handler of type [class org.springframework.web.servlet.resource.ResourceHttpRequestHandler]
2017-06-08 17:29:51.517  INFO 19264 --- [main] o.s.w.s.handler.SimpleUrlHandlerMapping  : Mapped URL path [/**/favicon.ico] onto handler of type [class org.springframework.web.servlet.resource.ResourceHttpRequestHandler]
2017-06-08 17:29:52.192  INFO 19264 --- [main] o.s.b.a.e.mvc.EndpointHandlerMapping     : Mapped "{[/resume || /resume.json],methods=[POST]}" onto public java.lang.Object org.springframework.cloud.endpoint.GenericPostableMvcEndpoint.invoke()
2017-06-08 17:29:52.193  INFO 19264 --- [main] o.s.b.a.e.mvc.EndpointHandlerMapping     : Mapped "{[/env/{name:.*}],methods=[GET],produces=[application/vnd.spring-boot.actuator.v1+json || application/json]}" onto public java.lang.Object org.springframework.boot.actuate.endpoint.mvc.EnvironmentMvcEndpoint.value(java.lang.String)
2017-06-08 17:29:52.194  INFO 19264 --- [main] o.s.b.a.e.mvc.EndpointHandlerMapping     : Mapped "{[/env || /env.json],methods=[GET],produces=[application/vnd.spring-boot.actuator.v1+json || application/json]}" onto public java.lang.Object org.springframework.boot.actuate.endpoint.mvc.EndpointMvcAdapter.invoke()
2017-06-08 17:29:52.195  INFO 19264 --- [main] o.s.b.a.e.mvc.EndpointHandlerMapping     : Mapped "{[/mappings || /mappings.json],methods=[GET],produces=[application/vnd.spring-boot.actuator.v1+json || application/json]}" onto public java.lang.Object org.springframework.boot.actuate.endpoint.mvc.EndpointMvcAdapter.invoke()
2017-06-08 17:29:52.196  INFO 19264 --- [main] o.s.b.a.e.mvc.EndpointHandlerMapping     : Mapped "{[/dump || /dump.json],methods=[GET],produces=[application/vnd.spring-boot.actuator.v1+json || application/json]}" onto public java.lang.Object org.springframework.boot.actuate.endpoint.mvc.EndpointMvcAdapter.invoke()
2017-06-08 17:29:52.198  INFO 19264 --- [main] o.s.b.a.e.mvc.EndpointHandlerMapping     : Mapped "{[/restart || /restart.json],methods=[POST]}" onto public java.lang.Object org.springframework.cloud.context.restart.RestartMvcEndpoint.invoke()
2017-06-08 17:29:52.199  INFO 19264 --- [main] o.s.b.a.e.mvc.EndpointHandlerMapping     : Mapped "{[/archaius || /archaius.json],methods=[GET],produces=[application/vnd.spring-boot.actuator.v1+json || application/json]}" onto public java.lang.Object org.springframework.boot.actuate.endpoint.mvc.EndpointMvcAdapter.invoke()
2017-06-08 17:29:52.200  INFO 19264 --- [main] o.s.b.a.e.mvc.EndpointHandlerMapping     : Mapped "{[/env],methods=[POST]}" onto public java.lang.Object org.springframework.cloud.context.environment.EnvironmentManagerMvcEndpoint.value(java.util.Map<java.lang.String, java.lang.String>)
2017-06-08 17:29:52.201  INFO 19264 --- [main] o.s.b.a.e.mvc.EndpointHandlerMapping     : Mapped "{[/env/reset],methods=[POST]}" onto public java.util.Map<java.lang.String, java.lang.Object> org.springframework.cloud.context.environment.EnvironmentManagerMvcEndpoint.reset()
2017-06-08 17:29:52.201  INFO 19264 --- [main] o.s.b.a.e.mvc.EndpointHandlerMapping     : Mapped "{[/configprops || /configprops.json],methods=[GET],produces=[application/vnd.spring-boot.actuator.v1+json || application/json]}" onto public java.lang.Object org.springframework.boot.actuate.endpoint.mvc.EndpointMvcAdapter.invoke()
2017-06-08 17:29:52.202  INFO 19264 --- [main] o.s.b.a.e.mvc.EndpointHandlerMapping     : Mapped "{[/beans || /beans.json],methods=[GET],produces=[application/vnd.spring-boot.actuator.v1+json || application/json]}" onto public java.lang.Object org.springframework.boot.actuate.endpoint.mvc.EndpointMvcAdapter.invoke()
2017-06-08 17:29:52.205  INFO 19264 --- [main] o.s.b.a.e.mvc.EndpointHandlerMapping     : Mapped "{[/autoconfig || /autoconfig.json],methods=[GET],produces=[application/vnd.spring-boot.actuator.v1+json || application/json]}" onto public java.lang.Object org.springframework.boot.actuate.endpoint.mvc.EndpointMvcAdapter.invoke()
2017-06-08 17:29:52.206  INFO 19264 --- [main] o.s.b.a.e.mvc.EndpointHandlerMapping     : Mapped "{[/refresh || /refresh.json],methods=[POST]}" onto public java.lang.Object org.springframework.cloud.endpoint.GenericPostableMvcEndpoint.invoke()
2017-06-08 17:29:52.208  INFO 19264 --- [main] o.s.b.a.e.mvc.EndpointHandlerMapping     : Mapped "{[/info || /info.json],methods=[GET],produces=[application/vnd.spring-boot.actuator.v1+json || application/json]}" onto public java.lang.Object org.springframework.boot.actuate.endpoint.mvc.EndpointMvcAdapter.invoke()
2017-06-08 17:29:52.209  INFO 19264 --- [main] o.s.b.a.e.mvc.EndpointHandlerMapping     : Mapped "{[/health || /health.json],methods=[GET],produces=[application/vnd.spring-boot.actuator.v1+json || application/json]}" onto public java.lang.Object org.springframework.boot.actuate.endpoint.mvc.HealthMvcEndpoint.invoke(javax.servlet.http.HttpServletRequest,java.security.Principal)
2017-06-08 17:29:52.210  INFO 19264 --- [main] o.s.b.a.e.mvc.EndpointHandlerMapping     : Mapped "{[/logfile || /logfile.json],methods=[GET || HEAD]}" onto public void org.springframework.boot.actuate.endpoint.mvc.LogFileMvcEndpoint.invoke(javax.servlet.http.HttpServletRequest,javax.servlet.http.HttpServletResponse) throws javax.servlet.ServletException,java.io.IOException
2017-06-08 17:29:52.212  INFO 19264 --- [main] o.s.b.a.e.mvc.EndpointHandlerMapping     : Mapped "{[/pause || /pause.json],methods=[POST]}" onto public java.lang.Object org.springframework.cloud.endpoint.GenericPostableMvcEndpoint.invoke()
2017-06-08 17:29:52.213  INFO 19264 --- [main] o.s.b.a.e.mvc.EndpointHandlerMapping     : Mapped "{[/heapdump || /heapdump.json],methods=[GET],produces=[application/octet-stream]}" onto public void org.springframework.boot.actuate.endpoint.mvc.HeapdumpMvcEndpoint.invoke(boolean,javax.servlet.http.HttpServletRequest,javax.servlet.http.HttpServletResponse) throws java.io.IOException,javax.servlet.ServletException
2017-06-08 17:29:52.214  INFO 19264 --- [main] o.s.b.a.e.mvc.EndpointHandlerMapping     : Mapped "{[/service-registry/instance-status],methods=[GET]}" onto public org.springframework.http.ResponseEntity org.springframework.cloud.client.serviceregistry.endpoint.ServiceRegistryEndpoint.getStatus()
2017-06-08 17:29:52.215  INFO 19264 --- [main] o.s.b.a.e.mvc.EndpointHandlerMapping     : Mapped "{[/service-registry/instance-status],methods=[POST]}" onto public org.springframework.http.ResponseEntity<?> org.springframework.cloud.client.serviceregistry.endpoint.ServiceRegistryEndpoint.setStatus(java.lang.String)
2017-06-08 17:29:52.216  INFO 19264 --- [main] o.s.b.a.e.mvc.EndpointHandlerMapping     : Mapped "{[/features || /features.json],methods=[GET],produces=[application/vnd.spring-boot.actuator.v1+json || application/json]}" onto public java.lang.Object org.springframework.boot.actuate.endpoint.mvc.EndpointMvcAdapter.invoke()
2017-06-08 17:29:52.217  INFO 19264 --- [main] o.s.b.a.e.mvc.EndpointHandlerMapping     : Mapped "{[/metrics/{name:.*}],methods=[GET],produces=[application/vnd.spring-boot.actuator.v1+json || application/json]}" onto public java.lang.Object org.springframework.boot.actuate.endpoint.mvc.MetricsMvcEndpoint.value(java.lang.String)
2017-06-08 17:29:52.218  INFO 19264 --- [main] o.s.b.a.e.mvc.EndpointHandlerMapping     : Mapped "{[/metrics || /metrics.json],methods=[GET],produces=[application/vnd.spring-boot.actuator.v1+json || application/json]}" onto public java.lang.Object org.springframework.boot.actuate.endpoint.mvc.EndpointMvcAdapter.invoke()
2017-06-08 17:29:52.221  INFO 19264 --- [main] o.s.b.a.e.mvc.EndpointHandlerMapping     : Mapped "{[/trace || /trace.json],methods=[GET],produces=[application/vnd.spring-boot.actuator.v1+json || application/json]}" onto public java.lang.Object org.springframework.boot.actuate.endpoint.mvc.EndpointMvcAdapter.invoke()
2017-06-08 17:29:52.223  INFO 19264 --- [main] o.s.b.a.e.mvc.EndpointHandlerMapping     : Mapped "{[/loggers/{name:.*}],methods=[GET],produces=[application/vnd.spring-boot.actuator.v1+json || application/json]}" onto public java.lang.Object org.springframework.boot.actuate.endpoint.mvc.LoggersMvcEndpoint.get(java.lang.String)
2017-06-08 17:29:52.224  INFO 19264 --- [main] o.s.b.a.e.mvc.EndpointHandlerMapping     : Mapped "{[/loggers/{name:.*}],methods=[POST],consumes=[application/vnd.spring-boot.actuator.v1+json || application/json],produces=[application/vnd.spring-boot.actuator.v1+json || application/json]}" onto public java.lang.Object org.springframework.boot.actuate.endpoint.mvc.LoggersMvcEndpoint.set(java.lang.String,java.util.Map<java.lang.String, java.lang.String>)
2017-06-08 17:29:52.224  INFO 19264 --- [main] o.s.b.a.e.mvc.EndpointHandlerMapping     : Mapped "{[/loggers || /loggers.json],methods=[GET],produces=[application/vnd.spring-boot.actuator.v1+json || application/json]}" onto public java.lang.Object org.springframework.boot.actuate.endpoint.mvc.EndpointMvcAdapter.invoke()
2017-06-08 17:29:52.225  INFO 19264 --- [main] o.s.b.a.e.mvc.EndpointHandlerMapping     : Mapped "{[/auditevents || /auditevents.json],methods=[GET],produces=[application/vnd.spring-boot.actuator.v1+json || application/json]}" onto public org.springframework.http.ResponseEntity<?> org.springframework.boot.actuate.endpoint.mvc.AuditEventsMvcEndpoint.findByPrincipalAndAfterAndType(java.lang.String,java.util.Date,java.lang.String)
2017-06-08 17:29:52.466  WARN 19264 --- [main] c.n.c.sources.URLConfigurationSource     : No URLs will be polled as dynamic configuration sources.
2017-06-08 17:29:52.467  INFO 19264 --- [main] c.n.c.sources.URLConfigurationSource     : To enable URLs as dynamic configuration sources, define System property archaius.configurationSource.additionalUrls or make config.properties available on classpath.
2017-06-08 17:29:52.478  WARN 19264 --- [main] c.n.c.sources.URLConfigurationSource     : No URLs will be polled as dynamic configuration sources.
2017-06-08 17:29:52.478  INFO 19264 --- [main] c.n.c.sources.URLConfigurationSource     : To enable URLs as dynamic configuration sources, define System property archaius.configurationSource.additionalUrls or make config.properties available on classpath.
2017-06-08 17:29:52.588  INFO 19264 --- [main] o.s.j.e.a.AnnotationMBeanExporter        : Registering beans for JMX exposure on startup
2017-06-08 17:29:52.602  INFO 19264 --- [main] o.s.j.e.a.AnnotationMBeanExporter        : Bean with name 'environmentManager' has been autodetected for JMX exposure
2017-06-08 17:29:52.604  INFO 19264 --- [main] o.s.j.e.a.AnnotationMBeanExporter        : Bean with name 'configurationPropertiesRebinder' has been autodetected for JMX exposure
2017-06-08 17:29:52.605  INFO 19264 --- [main] o.s.j.e.a.AnnotationMBeanExporter        : Bean with name 'refreshEndpoint' has been autodetected for JMX exposure
2017-06-08 17:29:52.606  INFO 19264 --- [main] o.s.j.e.a.AnnotationMBeanExporter        : Bean with name 'restartEndpoint' has been autodetected for JMX exposure
2017-06-08 17:29:52.607  INFO 19264 --- [main] o.s.j.e.a.AnnotationMBeanExporter        : Bean with name 'serviceRegistryEndpoint' has been autodetected for JMX exposure
2017-06-08 17:29:52.609  INFO 19264 --- [main] o.s.j.e.a.AnnotationMBeanExporter        : Bean with name 'refreshScope' has been autodetected for JMX exposure
2017-06-08 17:29:52.613  INFO 19264 --- [main] o.s.j.e.a.AnnotationMBeanExporter        : Located managed bean 'environmentManager': registering with JMX server as MBean [org.springframework.cloud.context.environment:name=environmentManager,type=EnvironmentManager]
2017-06-08 17:29:52.631  INFO 19264 --- [main] o.s.j.e.a.AnnotationMBeanExporter        : Located managed bean 'restartEndpoint': registering with JMX server as MBean [org.springframework.cloud.context.restart:name=restartEndpoint,type=RestartEndpoint]
2017-06-08 17:29:52.643  INFO 19264 --- [main] o.s.j.e.a.AnnotationMBeanExporter        : Located managed bean 'serviceRegistryEndpoint': registering with JMX server as MBean [org.springframework.cloud.client.serviceregistry.endpoint:name=serviceRegistryEndpoint,type=ServiceRegistryEndpoint]
2017-06-08 17:29:52.653  INFO 19264 --- [main] o.s.j.e.a.AnnotationMBeanExporter        : Located managed bean 'refreshScope': registering with JMX server as MBean [org.springframework.cloud.context.scope.refresh:name=refreshScope,type=RefreshScope]
2017-06-08 17:29:52.667  INFO 19264 --- [main] o.s.j.e.a.AnnotationMBeanExporter        : Located managed bean 'configurationPropertiesRebinder': registering with JMX server as MBean [org.springframework.cloud.context.properties:name=configurationPropertiesRebinder,context=6eeade6c,type=ConfigurationPropertiesRebinder]
2017-06-08 17:29:52.674  INFO 19264 --- [main] o.s.j.e.a.AnnotationMBeanExporter        : Located managed bean 'refreshEndpoint': registering with JMX server as MBean [org.springframework.cloud.endpoint:name=refreshEndpoint,type=RefreshEndpoint]
2017-06-08 17:29:52.920  INFO 19264 --- [main] o.s.c.support.DefaultLifecycleProcessor  : Starting beans in phase 0
2017-06-08 17:29:52.934  INFO 19264 --- [main] o.s.c.n.eureka.InstanceInfoFactory       : Setting initial instance status as: STARTING
2017-06-08 17:29:53.016  INFO 19264 --- [main] com.netflix.discovery.DiscoveryClient    : Initializing Eureka in region us-east-1
2017-06-08 17:29:53.271  INFO 19264 --- [main] c.n.d.provider.DiscoveryJerseyProvider   : Using JSON encoding codec LegacyJacksonJson
2017-06-08 17:29:53.271  INFO 19264 --- [main] c.n.d.provider.DiscoveryJerseyProvider   : Using JSON decoding codec LegacyJacksonJson
2017-06-08 17:29:53.458  INFO 19264 --- [main] c.n.d.provider.DiscoveryJerseyProvider   : Using XML encoding codec XStreamXml
2017-06-08 17:29:53.458  INFO 19264 --- [main] c.n.d.provider.DiscoveryJerseyProvider   : Using XML decoding codec XStreamXml
2017-06-08 17:29:53.763  INFO 19264 --- [main] c.n.d.s.r.aws.ConfigClusterResolver      : Resolving eureka endpoints via configuration
2017-06-08 17:29:53.990  INFO 19264 --- [main] com.netflix.discovery.DiscoveryClient    : Disable delta property : false
2017-06-08 17:29:53.990  INFO 19264 --- [main] com.netflix.discovery.DiscoveryClient    : Single vip registry refresh property : null
2017-06-08 17:29:53.990  INFO 19264 --- [main] com.netflix.discovery.DiscoveryClient    : Force full registry fetch : false
2017-06-08 17:29:53.990  INFO 19264 --- [main] com.netflix.discovery.DiscoveryClient    : Application is null : false
2017-06-08 17:29:53.990  INFO 19264 --- [main] com.netflix.discovery.DiscoveryClient    : Registered Applications size is zero : true
2017-06-08 17:29:53.990  INFO 19264 --- [main] com.netflix.discovery.DiscoveryClient    : Application version is -1: true
2017-06-08 17:29:53.991  INFO 19264 --- [main] com.netflix.discovery.DiscoveryClient    : Getting all instance registry info from the eureka server
2017-06-08 17:29:54.175  INFO 19264 --- [main] com.netflix.discovery.DiscoveryClient    : The response status is 200
2017-06-08 17:29:54.187  INFO 19264 --- [main] com.netflix.discovery.DiscoveryClient    : Starting heartbeat executor: renew interval is: 30
2017-06-08 17:29:54.190  INFO 19264 --- [main] c.n.discovery.InstanceInfoReplicator     : InstanceInfoReplicator onDemand update allowed rate per min is 4
2017-06-08 17:29:54.194  INFO 19264 --- [main] com.netflix.discovery.DiscoveryClient    : Discovery Client initialized at timestamp 1496914194194 with initial instances count: 6
2017-06-08 17:29:54.263  INFO 19264 --- [main] o.s.c.n.e.s.EurekaServiceRegistry        : Registering application docker-service with eureka with status UP
2017-06-08 17:29:54.263  INFO 19264 --- [main] com.netflix.discovery.DiscoveryClient    : Saw local status change event StatusChangeEvent [timestamp=1496914194263, current=UP, previous=STARTING]
2017-06-08 17:29:54.265  INFO 19264 --- [DiscoveryClient-InstanceInfoReplicator-0] com.netflix.discovery.DiscoveryClient    : DiscoveryClient_DOCKER-SERVICE/QH-20170321YPWM:docker-service:9102: registering service...
2017-06-08 17:29:54.366  INFO 19264 --- [DiscoveryClient-InstanceInfoReplicator-0] com.netflix.discovery.DiscoveryClient    : DiscoveryClient_DOCKER-SERVICE/QH-20170321YPWM:docker-service:9102 - registration status: 204
2017-06-08 17:29:54.427  INFO 19264 --- [main] s.b.c.e.t.TomcatEmbeddedServletContainer : Tomcat started on port(s): 9102 (http)
2017-06-08 17:29:54.431  INFO 19264 --- [main] .s.c.n.e.s.EurekaAutoServiceRegistration : Updating port to 9102
2017-06-08 17:29:54.437  INFO 19264 --- [main] demo.Application                         : Started Application in 11.75 seconds (JVM running for 12.295)
2017-06-08 17:29:59.963  INFO 19264 --- [http-nio-9102-exec-1] o.a.c.c.C.[Tomcat].[localhost].[/]       : Initializing Spring FrameworkServlet 'dispatcherServlet'
2017-06-08 17:29:59.964  INFO 19264 --- [http-nio-9102-exec-1] o.s.web.servlet.DispatcherServlet        : FrameworkServlet 'dispatcherServlet': initialization started
2017-06-08 17:29:59.996  INFO 19264 --- [http-nio-9102-exec-1] o.s.web.servlet.DispatcherServlet        : FrameworkServlet 'dispatcherServlet': initialization completed in 32 ms
2017-06-08 17:30:00.069  INFO 19264 --- [http-nio-9102-exec-1] demo.Application                         : --------------Hello Docker World-------------
2017-06-08 17:30:00.143  INFO 19264 --- [http-nio-9102-exec-2] demo.Application                         : --------------Hello Docker World-------------
2017-06-08 17:30:00.329  INFO 19264 --- [http-nio-9102-exec-4] demo.Application                         : --------------Hello Docker World-------------
2017-06-08 17:30:00.444  INFO 19264 --- [http-nio-9102-exec-5] demo.Application                         : --------------Hello Docker World-------------
2017-06-08 17:30:00.543  INFO 19264 --- [http-nio-9102-exec-7] demo.Application                         : --------------Hello Docker World-------------
2017-06-08 17:30:00.694  INFO 19264 --- [http-nio-9102-exec-8] demo.Application                         : --------------Hello Docker World-------------
2017-06-08 17:30:00.917  INFO 19264 --- [http-nio-9102-exec-10] demo.Application                         : --------------Hello Docker World-------------
2017-06-08 17:30:01.495  INFO 19264 --- [http-nio-9102-exec-1] demo.Application                         : --------------Hello Docker World-------------
2017-06-08 17:30:01.660  INFO 19264 --- [http-nio-9102-exec-4] demo.Application                         : --------------Hello Docker World-------------
2017-06-08 17:30:01.826  INFO 19264 --- [http-nio-9102-exec-6] demo.Application                         : --------------Hello Docker World-------------
2017-06-08 17:30:02.395  INFO 19264 --- [http-nio-9102-exec-8] demo.Application                         : --------------Hello Docker World-------------
2017-06-08 17:30:10.144  INFO 19264 --- [http-nio-9102-exec-10] demo.Application                         : --------------Hello Docker World-------------
2017-06-08 17:30:10.479  INFO 19264 --- [http-nio-9102-exec-1] demo.Application                         : --------------Hello Docker World-------------
2017-06-08 17:30:10.842  INFO 19264 --- [http-nio-9102-exec-4] demo.Application                         : --------------Hello Docker World-------------
2017-06-08 17:30:11.099  INFO 19264 --- [http-nio-9102-exec-6] demo.Application                         : --------------Hello Docker World-------------
2017-06-08 17:30:11.270  INFO 19264 --- [http-nio-9102-exec-8] demo.Application                         : --------------Hello Docker World-------------
2017-06-08 17:30:11.434  INFO 19264 --- [http-nio-9102-exec-10] demo.Application                         : --------------Hello Docker World-------------
2017-06-08 17:30:11.601  INFO 19264 --- [http-nio-9102-exec-1] demo.Application                         : --------------Hello Docker World-------------
2017-06-08 17:30:11.768  INFO 19264 --- [http-nio-9102-exec-5] demo.Application                         : --------------Hello Docker World-------------
2017-06-08 17:30:11.924  INFO 19264 --- [http-nio-9102-exec-7] demo.Application                         : --------------Hello Docker World-------------
2017-06-08 17:31:55.695  INFO [docker-service,,,] 17428 --- [main] c.c.c.ConfigServicePropertySourceLocator : Fetching config from server at: http://poc-4.novalocal:8888
2017-06-08 17:31:56.602  INFO [docker-service,,,] 17428 --- [main] c.c.c.ConfigServicePropertySourceLocator : Located environment: name=docker-service, profiles=[online], label=master, version=null, state=null
2017-06-08 17:31:56.603  INFO [docker-service,,,] 17428 --- [main] b.c.PropertySourceBootstrapConfiguration : Located property source: CompositePropertySource [name='configService', propertySources=[]]
2017-06-08 17:31:56.688  INFO [docker-service,,,] 17428 --- [main] demo.Application                         : The following profiles are active: online
2017-06-08 17:31:56.708  INFO [docker-service,,,] 17428 --- [main] ationConfigEmbeddedWebApplicationContext : Refreshing org.springframework.boot.context.embedded.AnnotationConfigEmbeddedWebApplicationContext@7b324585: startup date [Thu Jun 08 17:31:56 CST 2017]; parent: org.springframework.context.annotation.AnnotationConfigApplicationContext@f79e
2017-06-08 17:31:58.317  INFO [docker-service,,,] 17428 --- [main] o.s.cloud.context.scope.GenericScope     : BeanFactory id=914a3a02-585b-3349-b282-fb14424a4925
2017-06-08 17:31:58.342  INFO [docker-service,,,] 17428 --- [main] f.a.AutowiredAnnotationBeanPostProcessor : JSR-330 'javax.inject.Inject' annotation found and supported for autowiring
2017-06-08 17:31:58.499  INFO [docker-service,,,] 17428 --- [main] trationDelegate$BeanPostProcessorChecker : Bean 'org.springframework.cloud.sleuth.instrument.async.AsyncDefaultAutoConfiguration$DefaultAsyncConfigurerSupport' of type [org.springframework.cloud.sleuth.instrument.async.AsyncDefaultAutoConfiguration$DefaultAsyncConfigurerSupport$$EnhancerBySpringCGLIB$$c69b640] is not eligible for getting processed by all BeanPostProcessors (for example: not eligible for auto-proxying)
2017-06-08 17:31:58.609  INFO [docker-service,,,] 17428 --- [main] trationDelegate$BeanPostProcessorChecker : Bean 'org.springframework.cloud.sleuth.annotation.SleuthAnnotationAutoConfiguration' of type [org.springframework.cloud.sleuth.annotation.SleuthAnnotationAutoConfiguration$$EnhancerBySpringCGLIB$$d18d5eaf] is not eligible for getting processed by all BeanPostProcessors (for example: not eligible for auto-proxying)
2017-06-08 17:31:58.937  INFO [docker-service,,,] 17428 --- [main] trationDelegate$BeanPostProcessorChecker : Bean 'sleuthAdvisorConfig' of type [org.springframework.cloud.sleuth.annotation.SleuthAdvisorConfig] is not eligible for getting processed by all BeanPostProcessors (for example: not eligible for auto-proxying)
2017-06-08 17:31:58.993  INFO [docker-service,,,] 17428 --- [main] trationDelegate$BeanPostProcessorChecker : Bean 'org.springframework.cloud.netflix.metrics.MetricsInterceptorConfiguration$MetricsRestTemplateConfiguration' of type [org.springframework.cloud.netflix.metrics.MetricsInterceptorConfiguration$MetricsRestTemplateConfiguration$$EnhancerBySpringCGLIB$$154bebe] is not eligible for getting processed by all BeanPostProcessors (for example: not eligible for auto-proxying)
2017-06-08 17:31:59.044  INFO [docker-service,,,] 17428 --- [main] trationDelegate$BeanPostProcessorChecker : Bean 'org.springframework.cloud.autoconfigure.ConfigurationPropertiesRebinderAutoConfiguration' of type [org.springframework.cloud.autoconfigure.ConfigurationPropertiesRebinderAutoConfiguration$$EnhancerBySpringCGLIB$$eb421b7a] is not eligible for getting processed by all BeanPostProcessors (for example: not eligible for auto-proxying)
2017-06-08 17:32:00.170  INFO [docker-service,,,] 17428 --- [main] s.b.c.e.t.TomcatEmbeddedServletContainer : Tomcat initialized with port(s): 9102 (http)
2017-06-08 17:32:00.188  INFO [docker-service,,,] 17428 --- [main] o.apache.catalina.core.StandardService   : Starting service Tomcat
2017-06-08 17:32:00.190  INFO [docker-service,,,] 17428 --- [main] org.apache.catalina.core.StandardEngine  : Starting Servlet Engine: Apache Tomcat/8.5.11
2017-06-08 17:32:00.552  INFO [docker-service,,,] 17428 --- [localhost-startStop-1] o.a.c.c.C.[Tomcat].[localhost].[/]       : Initializing Spring embedded WebApplicationContext
2017-06-08 17:32:00.553  INFO [docker-service,,,] 17428 --- [localhost-startStop-1] o.s.web.context.ContextLoader            : Root WebApplicationContext: initialization completed in 3845 ms
2017-06-08 17:32:02.091  INFO [docker-service,,,] 17428 --- [localhost-startStop-1] o.s.b.w.servlet.FilterRegistrationBean   : Mapping filter: 'metricsFilter' to: [/*]
2017-06-08 17:32:02.092  INFO [docker-service,,,] 17428 --- [localhost-startStop-1] o.s.b.w.servlet.FilterRegistrationBean   : Mapping filter: 'characterEncodingFilter' to: [/*]
2017-06-08 17:32:02.092  INFO [docker-service,,,] 17428 --- [localhost-startStop-1] o.s.b.w.servlet.FilterRegistrationBean   : Mapping filter: 'traceFilter' to: [/*]
2017-06-08 17:32:02.092  INFO [docker-service,,,] 17428 --- [localhost-startStop-1] o.s.b.w.servlet.FilterRegistrationBean   : Mapping filter: 'hiddenHttpMethodFilter' to: [/*]
2017-06-08 17:32:02.093  INFO [docker-service,,,] 17428 --- [localhost-startStop-1] o.s.b.w.servlet.FilterRegistrationBean   : Mapping filter: 'httpPutFormContentFilter' to: [/*]
2017-06-08 17:32:02.093  INFO [docker-service,,,] 17428 --- [localhost-startStop-1] o.s.b.w.servlet.FilterRegistrationBean   : Mapping filter: 'requestContextFilter' to: [/*]
2017-06-08 17:32:02.093  INFO [docker-service,,,] 17428 --- [localhost-startStop-1] o.s.b.w.servlet.FilterRegistrationBean   : Mapping filter: 'webRequestLoggingFilter' to: [/*]
2017-06-08 17:32:02.093  INFO [docker-service,,,] 17428 --- [localhost-startStop-1] o.s.b.w.servlet.FilterRegistrationBean   : Mapping filter: 'applicationContextIdFilter' to: [/*]
2017-06-08 17:32:02.094  INFO [docker-service,,,] 17428 --- [localhost-startStop-1] o.s.b.w.servlet.ServletRegistrationBean  : Mapping servlet: 'dispatcherServlet' to [/]
2017-06-08 17:32:04.880  INFO [docker-service,,,] 17428 --- [main] s.w.s.m.m.a.RequestMappingHandlerAdapter : Looking for @ControllerAdvice: org.springframework.boot.context.embedded.AnnotationConfigEmbeddedWebApplicationContext@7b324585: startup date [Thu Jun 08 17:31:56 CST 2017]; parent: org.springframework.context.annotation.AnnotationConfigApplicationContext@f79e
2017-06-08 17:32:05.270  INFO [docker-service,,,] 17428 --- [main] s.w.s.m.m.a.RequestMappingHandlerMapping : Mapped "{[/]}" onto public java.lang.String demo.Application.home()
2017-06-08 17:32:05.276  INFO [docker-service,,,] 17428 --- [main] s.w.s.m.m.a.RequestMappingHandlerMapping : Mapped "{[/error]}" onto public org.springframework.http.ResponseEntity<java.util.Map<java.lang.String, java.lang.Object>> org.springframework.boot.autoconfigure.web.BasicErrorController.error(javax.servlet.http.HttpServletRequest)
2017-06-08 17:32:05.277  INFO [docker-service,,,] 17428 --- [main] s.w.s.m.m.a.RequestMappingHandlerMapping : Mapped "{[/error],produces=[text/html]}" onto public org.springframework.web.servlet.ModelAndView org.springframework.boot.autoconfigure.web.BasicErrorController.errorHtml(javax.servlet.http.HttpServletRequest,javax.servlet.http.HttpServletResponse)
2017-06-08 17:32:05.500  INFO [docker-service,,,] 17428 --- [main] o.s.w.s.handler.SimpleUrlHandlerMapping  : Mapped URL path [/webjars/**] onto handler of type [class org.springframework.web.servlet.resource.ResourceHttpRequestHandler]
2017-06-08 17:32:05.500  INFO [docker-service,,,] 17428 --- [main] o.s.w.s.handler.SimpleUrlHandlerMapping  : Mapped URL path [/**] onto handler of type [class org.springframework.web.servlet.resource.ResourceHttpRequestHandler]
2017-06-08 17:32:05.640  INFO [docker-service,,,] 17428 --- [main] o.s.w.s.handler.SimpleUrlHandlerMapping  : Mapped URL path [/**/favicon.ico] onto handler of type [class org.springframework.web.servlet.resource.ResourceHttpRequestHandler]
2017-06-08 17:32:07.036  INFO [docker-service,,,] 17428 --- [main] o.s.b.a.e.mvc.EndpointHandlerMapping     : Mapped "{[/loggers/{name:.*}],methods=[GET],produces=[application/vnd.spring-boot.actuator.v1+json || application/json]}" onto public java.lang.Object org.springframework.boot.actuate.endpoint.mvc.LoggersMvcEndpoint.get(java.lang.String)
2017-06-08 17:32:07.037  INFO [docker-service,,,] 17428 --- [main] o.s.b.a.e.mvc.EndpointHandlerMapping     : Mapped "{[/loggers/{name:.*}],methods=[POST],consumes=[application/vnd.spring-boot.actuator.v1+json || application/json],produces=[application/vnd.spring-boot.actuator.v1+json || application/json]}" onto public java.lang.Object org.springframework.boot.actuate.endpoint.mvc.LoggersMvcEndpoint.set(java.lang.String,java.util.Map<java.lang.String, java.lang.String>)
2017-06-08 17:32:07.037  INFO [docker-service,,,] 17428 --- [main] o.s.b.a.e.mvc.EndpointHandlerMapping     : Mapped "{[/loggers || /loggers.json],methods=[GET],produces=[application/vnd.spring-boot.actuator.v1+json || application/json]}" onto public java.lang.Object org.springframework.boot.actuate.endpoint.mvc.EndpointMvcAdapter.invoke()
2017-06-08 17:32:07.038  INFO [docker-service,,,] 17428 --- [main] o.s.b.a.e.mvc.EndpointHandlerMapping     : Mapped "{[/beans || /beans.json],methods=[GET],produces=[application/vnd.spring-boot.actuator.v1+json || application/json]}" onto public java.lang.Object org.springframework.boot.actuate.endpoint.mvc.EndpointMvcAdapter.invoke()
2017-06-08 17:32:07.039  INFO [docker-service,,,] 17428 --- [main] o.s.b.a.e.mvc.EndpointHandlerMapping     : Mapped "{[/health || /health.json],methods=[GET],produces=[application/vnd.spring-boot.actuator.v1+json || application/json]}" onto public java.lang.Object org.springframework.boot.actuate.endpoint.mvc.HealthMvcEndpoint.invoke(javax.servlet.http.HttpServletRequest,java.security.Principal)
2017-06-08 17:32:07.041  INFO [docker-service,,,] 17428 --- [main] o.s.b.a.e.mvc.EndpointHandlerMapping     : Mapped "{[/auditevents || /auditevents.json],methods=[GET],produces=[application/vnd.spring-boot.actuator.v1+json || application/json]}" onto public org.springframework.http.ResponseEntity<?> org.springframework.boot.actuate.endpoint.mvc.AuditEventsMvcEndpoint.findByPrincipalAndAfterAndType(java.lang.String,java.util.Date,java.lang.String)
2017-06-08 17:32:07.041  INFO [docker-service,,,] 17428 --- [main] o.s.b.a.e.mvc.EndpointHandlerMapping     : Mapped "{[/service-registry/instance-status],methods=[GET]}" onto public org.springframework.http.ResponseEntity org.springframework.cloud.client.serviceregistry.endpoint.ServiceRegistryEndpoint.getStatus()
2017-06-08 17:32:07.042  INFO [docker-service,,,] 17428 --- [main] o.s.b.a.e.mvc.EndpointHandlerMapping     : Mapped "{[/service-registry/instance-status],methods=[POST]}" onto public org.springframework.http.ResponseEntity<?> org.springframework.cloud.client.serviceregistry.endpoint.ServiceRegistryEndpoint.setStatus(java.lang.String)
2017-06-08 17:32:07.044  INFO [docker-service,,,] 17428 --- [main] o.s.b.a.e.mvc.EndpointHandlerMapping     : Mapped "{[/env/{name:.*}],methods=[GET],produces=[application/vnd.spring-boot.actuator.v1+json || application/json]}" onto public java.lang.Object org.springframework.boot.actuate.endpoint.mvc.EnvironmentMvcEndpoint.value(java.lang.String)
2017-06-08 17:32:07.044  INFO [docker-service,,,] 17428 --- [main] o.s.b.a.e.mvc.EndpointHandlerMapping     : Mapped "{[/env || /env.json],methods=[GET],produces=[application/vnd.spring-boot.actuator.v1+json || application/json]}" onto public java.lang.Object org.springframework.boot.actuate.endpoint.mvc.EndpointMvcAdapter.invoke()
2017-06-08 17:32:07.045  INFO [docker-service,,,] 17428 --- [main] o.s.b.a.e.mvc.EndpointHandlerMapping     : Mapped "{[/mappings || /mappings.json],methods=[GET],produces=[application/vnd.spring-boot.actuator.v1+json || application/json]}" onto public java.lang.Object org.springframework.boot.actuate.endpoint.mvc.EndpointMvcAdapter.invoke()
2017-06-08 17:32:07.048  INFO [docker-service,,,] 17428 --- [main] o.s.b.a.e.mvc.EndpointHandlerMapping     : Mapped "{[/dump || /dump.json],methods=[GET],produces=[application/vnd.spring-boot.actuator.v1+json || application/json]}" onto public java.lang.Object org.springframework.boot.actuate.endpoint.mvc.EndpointMvcAdapter.invoke()
2017-06-08 17:32:07.049  INFO [docker-service,,,] 17428 --- [main] o.s.b.a.e.mvc.EndpointHandlerMapping     : Mapped "{[/configprops || /configprops.json],methods=[GET],produces=[application/vnd.spring-boot.actuator.v1+json || application/json]}" onto public java.lang.Object org.springframework.boot.actuate.endpoint.mvc.EndpointMvcAdapter.invoke()
2017-06-08 17:32:07.050  INFO [docker-service,,,] 17428 --- [main] o.s.b.a.e.mvc.EndpointHandlerMapping     : Mapped "{[/refresh || /refresh.json],methods=[POST]}" onto public java.lang.Object org.springframework.cloud.endpoint.GenericPostableMvcEndpoint.invoke()
2017-06-08 17:32:07.051  INFO [docker-service,,,] 17428 --- [main] o.s.b.a.e.mvc.EndpointHandlerMapping     : Mapped "{[/trace || /trace.json],methods=[GET],produces=[application/vnd.spring-boot.actuator.v1+json || application/json]}" onto public java.lang.Object org.springframework.boot.actuate.endpoint.mvc.EndpointMvcAdapter.invoke()
2017-06-08 17:32:07.052  INFO [docker-service,,,] 17428 --- [main] o.s.b.a.e.mvc.EndpointHandlerMapping     : Mapped "{[/logfile || /logfile.json],methods=[GET || HEAD]}" onto public void org.springframework.boot.actuate.endpoint.mvc.LogFileMvcEndpoint.invoke(javax.servlet.http.HttpServletRequest,javax.servlet.http.HttpServletResponse) throws javax.servlet.ServletException,java.io.IOException
2017-06-08 17:32:07.052  INFO [docker-service,,,] 17428 --- [main] o.s.b.a.e.mvc.EndpointHandlerMapping     : Mapped "{[/restart || /restart.json],methods=[POST]}" onto public java.lang.Object org.springframework.cloud.context.restart.RestartMvcEndpoint.invoke()
2017-06-08 17:32:07.053  INFO [docker-service,,,] 17428 --- [main] o.s.b.a.e.mvc.EndpointHandlerMapping     : Mapped "{[/features || /features.json],methods=[GET],produces=[application/vnd.spring-boot.actuator.v1+json || application/json]}" onto public java.lang.Object org.springframework.boot.actuate.endpoint.mvc.EndpointMvcAdapter.invoke()
2017-06-08 17:32:07.054  INFO [docker-service,,,] 17428 --- [main] o.s.b.a.e.mvc.EndpointHandlerMapping     : Mapped "{[/env],methods=[POST]}" onto public java.lang.Object org.springframework.cloud.context.environment.EnvironmentManagerMvcEndpoint.value(java.util.Map<java.lang.String, java.lang.String>)
2017-06-08 17:32:07.055  INFO [docker-service,,,] 17428 --- [main] o.s.b.a.e.mvc.EndpointHandlerMapping     : Mapped "{[/env/reset],methods=[POST]}" onto public java.util.Map<java.lang.String, java.lang.Object> org.springframework.cloud.context.environment.EnvironmentManagerMvcEndpoint.reset()
2017-06-08 17:32:07.056  INFO [docker-service,,,] 17428 --- [main] o.s.b.a.e.mvc.EndpointHandlerMapping     : Mapped "{[/info || /info.json],methods=[GET],produces=[application/vnd.spring-boot.actuator.v1+json || application/json]}" onto public java.lang.Object org.springframework.boot.actuate.endpoint.mvc.EndpointMvcAdapter.invoke()
2017-06-08 17:32:07.056  INFO [docker-service,,,] 17428 --- [main] o.s.b.a.e.mvc.EndpointHandlerMapping     : Mapped "{[/autoconfig || /autoconfig.json],methods=[GET],produces=[application/vnd.spring-boot.actuator.v1+json || application/json]}" onto public java.lang.Object org.springframework.boot.actuate.endpoint.mvc.EndpointMvcAdapter.invoke()
2017-06-08 17:32:07.058  INFO [docker-service,,,] 17428 --- [main] o.s.b.a.e.mvc.EndpointHandlerMapping     : Mapped "{[/heapdump || /heapdump.json],methods=[GET],produces=[application/octet-stream]}" onto public void org.springframework.boot.actuate.endpoint.mvc.HeapdumpMvcEndpoint.invoke(boolean,javax.servlet.http.HttpServletRequest,javax.servlet.http.HttpServletResponse) throws java.io.IOException,javax.servlet.ServletException
2017-06-08 17:32:07.058  INFO [docker-service,,,] 17428 --- [main] o.s.b.a.e.mvc.EndpointHandlerMapping     : Mapped "{[/archaius || /archaius.json],methods=[GET],produces=[application/vnd.spring-boot.actuator.v1+json || application/json]}" onto public java.lang.Object org.springframework.boot.actuate.endpoint.mvc.EndpointMvcAdapter.invoke()
2017-06-08 17:32:07.059  INFO [docker-service,,,] 17428 --- [main] o.s.b.a.e.mvc.EndpointHandlerMapping     : Mapped "{[/metrics/{name:.*}],methods=[GET],produces=[application/vnd.spring-boot.actuator.v1+json || application/json]}" onto public java.lang.Object org.springframework.boot.actuate.endpoint.mvc.MetricsMvcEndpoint.value(java.lang.String)
2017-06-08 17:32:07.060  INFO [docker-service,,,] 17428 --- [main] o.s.b.a.e.mvc.EndpointHandlerMapping     : Mapped "{[/metrics || /metrics.json],methods=[GET],produces=[application/vnd.spring-boot.actuator.v1+json || application/json]}" onto public java.lang.Object org.springframework.boot.actuate.endpoint.mvc.EndpointMvcAdapter.invoke()
2017-06-08 17:32:07.062  INFO [docker-service,,,] 17428 --- [main] o.s.b.a.e.mvc.EndpointHandlerMapping     : Mapped "{[/pause || /pause.json],methods=[POST]}" onto public java.lang.Object org.springframework.cloud.endpoint.GenericPostableMvcEndpoint.invoke()
2017-06-08 17:32:07.063  INFO [docker-service,,,] 17428 --- [main] o.s.b.a.e.mvc.EndpointHandlerMapping     : Mapped "{[/resume || /resume.json],methods=[POST]}" onto public java.lang.Object org.springframework.cloud.endpoint.GenericPostableMvcEndpoint.invoke()
2017-06-08 17:32:07.581  WARN [docker-service,,,] 17428 --- [main] c.n.c.sources.URLConfigurationSource     : No URLs will be polled as dynamic configuration sources.
2017-06-08 17:32:07.582  INFO [docker-service,,,] 17428 --- [main] c.n.c.sources.URLConfigurationSource     : To enable URLs as dynamic configuration sources, define System property archaius.configurationSource.additionalUrls or make config.properties available on classpath.
2017-06-08 17:32:07.590  WARN [docker-service,,,] 17428 --- [main] c.n.c.sources.URLConfigurationSource     : No URLs will be polled as dynamic configuration sources.
2017-06-08 17:32:07.590  INFO [docker-service,,,] 17428 --- [main] c.n.c.sources.URLConfigurationSource     : To enable URLs as dynamic configuration sources, define System property archaius.configurationSource.additionalUrls or make config.properties available on classpath.
2017-06-08 17:32:07.951  INFO [docker-service,,,] 17428 --- [main] o.s.s.c.ThreadPoolTaskScheduler          : Initializing ExecutorService 
2017-06-08 17:32:08.205  INFO [docker-service,,,] 17428 --- [main] o.s.j.e.a.AnnotationMBeanExporter        : Registering beans for JMX exposure on startup
2017-06-08 17:32:08.219  INFO [docker-service,,,] 17428 --- [main] o.s.j.e.a.AnnotationMBeanExporter        : Bean with name 'environmentManager' has been autodetected for JMX exposure
2017-06-08 17:32:08.222  INFO [docker-service,,,] 17428 --- [main] o.s.j.e.a.AnnotationMBeanExporter        : Bean with name 'configurationPropertiesRebinder' has been autodetected for JMX exposure
2017-06-08 17:32:08.223  INFO [docker-service,,,] 17428 --- [main] o.s.j.e.a.AnnotationMBeanExporter        : Bean with name 'refreshEndpoint' has been autodetected for JMX exposure
2017-06-08 17:32:08.224  INFO [docker-service,,,] 17428 --- [main] o.s.j.e.a.AnnotationMBeanExporter        : Bean with name 'restartEndpoint' has been autodetected for JMX exposure
2017-06-08 17:32:08.225  INFO [docker-service,,,] 17428 --- [main] o.s.j.e.a.AnnotationMBeanExporter        : Bean with name 'serviceRegistryEndpoint' has been autodetected for JMX exposure
2017-06-08 17:32:08.226  INFO [docker-service,,,] 17428 --- [main] o.s.j.e.a.AnnotationMBeanExporter        : Bean with name 'refreshScope' has been autodetected for JMX exposure
2017-06-08 17:32:08.230  INFO [docker-service,,,] 17428 --- [main] o.s.j.e.a.AnnotationMBeanExporter        : Located managed bean 'environmentManager': registering with JMX server as MBean [org.springframework.cloud.context.environment:name=environmentManager,type=EnvironmentManager]
2017-06-08 17:32:08.248  INFO [docker-service,,,] 17428 --- [main] o.s.j.e.a.AnnotationMBeanExporter        : Located managed bean 'restartEndpoint': registering with JMX server as MBean [org.springframework.cloud.context.restart:name=restartEndpoint,type=RestartEndpoint]
2017-06-08 17:32:08.261  INFO [docker-service,,,] 17428 --- [main] o.s.j.e.a.AnnotationMBeanExporter        : Located managed bean 'serviceRegistryEndpoint': registering with JMX server as MBean [org.springframework.cloud.client.serviceregistry.endpoint:name=serviceRegistryEndpoint,type=ServiceRegistryEndpoint]
2017-06-08 17:32:08.274  INFO [docker-service,,,] 17428 --- [main] o.s.j.e.a.AnnotationMBeanExporter        : Located managed bean 'refreshScope': registering with JMX server as MBean [org.springframework.cloud.context.scope.refresh:name=refreshScope,type=RefreshScope]
2017-06-08 17:32:08.286  INFO [docker-service,,,] 17428 --- [main] o.s.j.e.a.AnnotationMBeanExporter        : Located managed bean 'configurationPropertiesRebinder': registering with JMX server as MBean [org.springframework.cloud.context.properties:name=configurationPropertiesRebinder,context=7b324585,type=ConfigurationPropertiesRebinder]
2017-06-08 17:32:08.293  INFO [docker-service,,,] 17428 --- [main] o.s.j.e.a.AnnotationMBeanExporter        : Located managed bean 'refreshEndpoint': registering with JMX server as MBean [org.springframework.cloud.endpoint:name=refreshEndpoint,type=RefreshEndpoint]
2017-06-08 17:32:08.536  INFO [docker-service,,,] 17428 --- [main] o.s.c.support.DefaultLifecycleProcessor  : Starting beans in phase 0
2017-06-08 17:32:08.547  INFO [docker-service,,,] 17428 --- [main] o.s.c.n.eureka.InstanceInfoFactory       : Setting initial instance status as: STARTING
2017-06-08 17:32:08.620  INFO [docker-service,,,] 17428 --- [main] com.netflix.discovery.DiscoveryClient    : Initializing Eureka in region us-east-1
2017-06-08 17:32:08.864  INFO [docker-service,,,] 17428 --- [main] c.n.d.provider.DiscoveryJerseyProvider   : Using JSON encoding codec LegacyJacksonJson
2017-06-08 17:32:08.865  INFO [docker-service,,,] 17428 --- [main] c.n.d.provider.DiscoveryJerseyProvider   : Using JSON decoding codec LegacyJacksonJson
2017-06-08 17:32:09.031  INFO [docker-service,,,] 17428 --- [main] c.n.d.provider.DiscoveryJerseyProvider   : Using XML encoding codec XStreamXml
2017-06-08 17:32:09.031  INFO [docker-service,,,] 17428 --- [main] c.n.d.provider.DiscoveryJerseyProvider   : Using XML decoding codec XStreamXml
2017-06-08 17:32:09.305  INFO [docker-service,,,] 17428 --- [main] c.n.d.s.r.aws.ConfigClusterResolver      : Resolving eureka endpoints via configuration
2017-06-08 17:32:09.571  INFO [docker-service,,,] 17428 --- [main] com.netflix.discovery.DiscoveryClient    : Disable delta property : false
2017-06-08 17:32:09.571  INFO [docker-service,,,] 17428 --- [main] com.netflix.discovery.DiscoveryClient    : Single vip registry refresh property : null
2017-06-08 17:32:09.572  INFO [docker-service,,,] 17428 --- [main] com.netflix.discovery.DiscoveryClient    : Force full registry fetch : false
2017-06-08 17:32:09.572  INFO [docker-service,,,] 17428 --- [main] com.netflix.discovery.DiscoveryClient    : Application is null : false
2017-06-08 17:32:09.572  INFO [docker-service,,,] 17428 --- [main] com.netflix.discovery.DiscoveryClient    : Registered Applications size is zero : true
2017-06-08 17:32:09.572  INFO [docker-service,,,] 17428 --- [main] com.netflix.discovery.DiscoveryClient    : Application version is -1: true
2017-06-08 17:32:09.572  INFO [docker-service,,,] 17428 --- [main] com.netflix.discovery.DiscoveryClient    : Getting all instance registry info from the eureka server
2017-06-08 17:32:10.535  INFO [docker-service,,,] 17428 --- [main] com.netflix.discovery.DiscoveryClient    : The response status is 200
2017-06-08 17:32:10.537  INFO [docker-service,,,] 17428 --- [main] com.netflix.discovery.DiscoveryClient    : Starting heartbeat executor: renew interval is: 30
2017-06-08 17:32:10.541  INFO [docker-service,,,] 17428 --- [main] c.n.discovery.InstanceInfoReplicator     : InstanceInfoReplicator onDemand update allowed rate per min is 4
2017-06-08 17:32:10.544  INFO [docker-service,,,] 17428 --- [main] com.netflix.discovery.DiscoveryClient    : Discovery Client initialized at timestamp 1496914330544 with initial instances count: 6
2017-06-08 17:32:10.719  INFO [docker-service,,,] 17428 --- [main] o.s.c.n.e.s.EurekaServiceRegistry        : Registering application docker-service with eureka with status UP
2017-06-08 17:32:10.719  INFO [docker-service,,,] 17428 --- [main] com.netflix.discovery.DiscoveryClient    : Saw local status change event StatusChangeEvent [timestamp=1496914330719, current=UP, previous=STARTING]
2017-06-08 17:32:10.732  INFO [docker-service,,,] 17428 --- [DiscoveryClient-InstanceInfoReplicator-0] c.c.c.ConfigServicePropertySourceLocator : Fetching config from server at: http://poc-4.novalocal:8888
2017-06-08 17:32:10.889  INFO [docker-service,,,] 17428 --- [main] s.b.c.e.t.TomcatEmbeddedServletContainer : Tomcat started on port(s): 9102 (http)
2017-06-08 17:32:10.891  INFO [docker-service,,,] 17428 --- [main] .s.c.n.e.s.EurekaAutoServiceRegistration : Updating port to 9102
2017-06-08 17:32:10.899  INFO [docker-service,,,] 17428 --- [main] demo.Application                         : Started Application in 17.787 seconds (JVM running for 18.333)
2017-06-08 17:32:14.005  INFO [docker-service,,,] 17428 --- [DiscoveryClient-InstanceInfoReplicator-0] c.c.c.ConfigServicePropertySourceLocator : Located environment: name=docker-service, profiles=[online], label=master, version=null, state=null
2017-06-08 17:32:14.017  INFO [docker-service,,,] 17428 --- [DiscoveryClient-InstanceInfoReplicator-0] com.netflix.discovery.DiscoveryClient    : DiscoveryClient_DOCKER-SERVICE/QH-20170321YPWM:docker-service:9102: registering service...
2017-06-08 17:32:15.325  INFO [docker-service,,,] 17428 --- [DiscoveryClient-InstanceInfoReplicator-0] com.netflix.discovery.DiscoveryClient    : DiscoveryClient_DOCKER-SERVICE/QH-20170321YPWM:docker-service:9102 - registration status: 204
2017-06-08 17:32:23.805  INFO [docker-service,,,] 17428 --- [http-nio-9102-exec-1] o.a.c.c.C.[Tomcat].[localhost].[/]       : Initializing Spring FrameworkServlet 'dispatcherServlet'
2017-06-08 17:32:23.808  INFO [docker-service,,,] 17428 --- [http-nio-9102-exec-1] o.s.web.servlet.DispatcherServlet        : FrameworkServlet 'dispatcherServlet': initialization started
2017-06-08 17:32:23.870  INFO [docker-service,,,] 17428 --- [http-nio-9102-exec-1] o.s.web.servlet.DispatcherServlet        : FrameworkServlet 'dispatcherServlet': initialization completed in 62 ms
2017-06-08 17:32:23.984  INFO [docker-service,3ea13e8caaaaa178,3ea13e8caaaaa178,true] 17428 --- [http-nio-9102-exec-1] demo.Application                         : --------------Hello Docker World-------------
2017-06-08 17:32:24.019  INFO [docker-service,26b530d3667938a5,26b530d3667938a5,true] 17428 --- [http-nio-9102-exec-2] demo.Application                         : --------------Hello Docker World-------------
2017-06-08 17:32:24.394  INFO [docker-service,3668f119ae910841,3668f119ae910841,true] 17428 --- [http-nio-9102-exec-4] demo.Application                         : --------------Hello Docker World-------------
2017-06-08 17:32:24.868  INFO [docker-service,e569f301ec946ca0,e569f301ec946ca0,true] 17428 --- [http-nio-9102-exec-3] demo.Application                         : --------------Hello Docker World-------------
2017-06-08 17:32:35.654  INFO [docker-service,84d190fe154a4af5,84d190fe154a4af5,true] 17428 --- [http-nio-9102-exec-6] demo.Application                         : --------------Hello Docker World-------------
2017-06-08 17:32:35.843  INFO [docker-service,4137579e2278fb52,4137579e2278fb52,true] 17428 --- [http-nio-9102-exec-7] demo.Application                         : --------------Hello Docker World-------------
2017-06-08 17:32:36.098  INFO [docker-service,1681e30acf118f88,1681e30acf118f88,true] 17428 --- [http-nio-9102-exec-8] demo.Application                         : --------------Hello Docker World-------------
2017-06-08 17:32:36.316  INFO [docker-service,402c46d399d6915f,402c46d399d6915f,true] 17428 --- [http-nio-9102-exec-9] demo.Application                         : --------------Hello Docker World-------------
2017-06-08 17:32:36.501  INFO [docker-service,042c13990648b455,042c13990648b455,true] 17428 --- [http-nio-9102-exec-10] demo.Application                         : --------------Hello Docker World-------------
2017-06-08 17:32:36.688  INFO [docker-service,aa0d275050cece1d,aa0d275050cece1d,true] 17428 --- [http-nio-9102-exec-1] demo.Application                         : --------------Hello Docker World-------------
2017-06-08 17:32:36.849  INFO [docker-service,cae9a70ade72cb84,cae9a70ade72cb84,true] 17428 --- [http-nio-9102-exec-2] demo.Application                         : --------------Hello Docker World-------------
2017-06-08 17:32:37.041  INFO [docker-service,37f57e493afd5c2e,37f57e493afd5c2e,true] 17428 --- [http-nio-9102-exec-4] demo.Application                         : --------------Hello Docker World-------------
2017-06-08 17:32:37.215  INFO [docker-service,fe4fac755ea9493e,fe4fac755ea9493e,true] 17428 --- [http-nio-9102-exec-3] demo.Application                         : --------------Hello Docker World-------------
2017-06-08 17:32:37.378  INFO [docker-service,37344cca9b80a600,37344cca9b80a600,true] 17428 --- [http-nio-9102-exec-5] demo.Application                         : --------------Hello Docker World-------------
2017-06-08 17:32:37.538  INFO [docker-service,94f269410d42b9a1,94f269410d42b9a1,true] 17428 --- [http-nio-9102-exec-6] demo.Application                         : --------------Hello Docker World-------------
2017-06-08 17:32:55.215  INFO [docker-service,b03b090401ee3312,b03b090401ee3312,true] 17428 --- [http-nio-9102-exec-8] demo.Application                         : --------------Hello Docker World-------------
2017-06-08 17:32:55.424  INFO [docker-service,bed2a0c180cb65ce,bed2a0c180cb65ce,true] 17428 --- [http-nio-9102-exec-9] demo.Application                         : --------------Hello Docker World-------------
2017-06-08 17:32:55.651  INFO [docker-service,4be69a86cdcddd1e,4be69a86cdcddd1e,true] 17428 --- [http-nio-9102-exec-10] demo.Application                         : --------------Hello Docker World-------------
2017-06-08 17:32:55.898  INFO [docker-service,29d3d960c1ed0664,29d3d960c1ed0664,true] 17428 --- [http-nio-9102-exec-1] demo.Application                         : --------------Hello Docker World-------------
2017-06-08 17:32:56.509  INFO [docker-service,9c37f8c3df5accb9,9c37f8c3df5accb9,true] 17428 --- [http-nio-9102-exec-2] demo.Application                         : --------------Hello Docker World-------------
2017-06-08 17:32:56.792  INFO [docker-service,eceef49a96da22f7,eceef49a96da22f7,true] 17428 --- [http-nio-9102-exec-4] demo.Application                         : --------------Hello Docker World-------------
2017-06-08 17:32:56.999  INFO [docker-service,c93be0778e4c7f87,c93be0778e4c7f87,true] 17428 --- [http-nio-9102-exec-3] demo.Application                         : --------------Hello Docker World-------------
2017-06-08 17:32:57.215  INFO [docker-service,74b544fc9ee06049,74b544fc9ee06049,true] 17428 --- [http-nio-9102-exec-5] demo.Application                         : --------------Hello Docker World-------------
